[2021-03-27 14:43:32] local.ERROR: SQLSTATE[HY000] [1698] Access denied for user 'root'@'localhost' (SQL: select * from `users` where `email` = test@test.com limit 1) {"exception":"[object] (Illuminate\\Database\\QueryException(code: 1698): SQLSTATE[HY000] [1698] Access denied for user 'root'@'localhost' (SQL: select * from `users` where `email` = test@test.com limit 1) at /home/sinisa/devel/faks/ITEH/laravel/elibrary/vendor/laravel/framework/src/Illuminate/Database/Connection.php:678)
[stacktrace]
#0 /home/sinisa/devel/faks/ITEH/laravel/elibrary/vendor/laravel/framework/src/Illuminate/Database/Connection.php(638): Illuminate\\Database\\Connection->runQueryCallback()
#1 /home/sinisa/devel/faks/ITEH/laravel/elibrary/vendor/laravel/framework/src/Illuminate/Database/Connection.php(346): Illuminate\\Database\\Connection->run()
#2 /home/sinisa/devel/faks/ITEH/laravel/elibrary/vendor/laravel/framework/src/Illuminate/Database/Query/Builder.php(2313): Illuminate\\Database\\Connection->select()
#3 /home/sinisa/devel/faks/ITEH/laravel/elibrary/vendor/laravel/framework/src/Illuminate/Database/Query/Builder.php(2301): Illuminate\\Database\\Query\\Builder->runSelect()
#4 /home/sinisa/devel/faks/ITEH/laravel/elibrary/vendor/laravel/framework/src/Illuminate/Database/Query/Builder.php(2796): Illuminate\\Database\\Query\\Builder->Illuminate\\Database\\Query\\{closure}()
#5 /home/sinisa/devel/faks/ITEH/laravel/elibrary/vendor/laravel/framework/src/Illuminate/Database/Query/Builder.php(2302): Illuminate\\Database\\Query\\Builder->onceWithColumns()
#6 /home/sinisa/devel/faks/ITEH/laravel/elibrary/vendor/laravel/framework/src/Illuminate/Database/Eloquent/Builder.php(588): Illuminate\\Database\\Query\\Builder->get()
#7 /home/sinisa/devel/faks/ITEH/laravel/elibrary/vendor/laravel/framework/src/Illuminate/Database/Eloquent/Builder.php(572): Illuminate\\Database\\Eloquent\\Builder->getModels()
#8 /home/sinisa/devel/faks/ITEH/laravel/elibrary/vendor/laravel/framework/src/Illuminate/Database/Concerns/BuildsQueries.php(170): Illuminate\\Database\\Eloquent\\Builder->get()
#9 /home/sinisa/devel/faks/ITEH/laravel/elibrary/vendor/laravel/framework/src/Illuminate/Auth/EloquentUserProvider.php(131): Illuminate\\Database\\Eloquent\\Builder->first()
#10 /home/sinisa/devel/faks/ITEH/laravel/elibrary/vendor/laravel/framework/src/Illuminate/Auth/Passwords/PasswordBroker.php(138): Illuminate\\Auth\\EloquentUserProvider->retrieveByCredentials()
#11 /home/sinisa/devel/faks/ITEH/laravel/elibrary/vendor/laravel/framework/src/Illuminate/Auth/Passwords/PasswordBroker.php(53): Illuminate\\Auth\\Passwords\\PasswordBroker->getUser()
#12 /home/sinisa/devel/faks/ITEH/laravel/elibrary/vendor/laravel/ui/auth-backend/SendsPasswordResetEmails.php(36): Illuminate\\Auth\\Passwords\\PasswordBroker->sendResetLink()
#13 /home/sinisa/devel/faks/ITEH/laravel/elibrary/vendor/laravel/framework/src/Illuminate/Routing/Controller.php(54): App\\Http\\Controllers\\Auth\\ForgotPasswordController->sendResetLinkEmail()
#14 /home/sinisa/devel/faks/ITEH/laravel/elibrary/vendor/laravel/framework/src/Illuminate/Routing/ControllerDispatcher.php(45): Illuminate\\Routing\\Controller->callAction()
#15 /home/sinisa/devel/faks/ITEH/laravel/elibrary/vendor/laravel/framework/src/Illuminate/Routing/Route.php(254): Illuminate\\Routing\\ControllerDispatcher->dispatch()
#16 /home/sinisa/devel/faks/ITEH/laravel/elibrary/vendor/laravel/framework/src/Illuminate/Routing/Route.php(197): Illuminate\\Routing\\Route->runController()
#17 /home/sinisa/devel/faks/ITEH/laravel/elibrary/vendor/laravel/framework/src/Illuminate/Routing/Router.php(693): Illuminate\\Routing\\Route->run()
#18 /home/sinisa/devel/faks/ITEH/laravel/elibrary/vendor/laravel/framework/src/Illuminate/Pipeline/Pipeline.php(128): Illuminate\\Routing\\Router->Illuminate\\Routing\\{closure}()
#19 /home/sinisa/devel/faks/ITEH/laravel/elibrary/vendor/laravel/framework/src/Illuminate/Routing/Middleware/SubstituteBindings.php(50): Illuminate\\Pipeline\\Pipeline->Illuminate\\Pipeline\\{closure}()
#20 /home/sinisa/devel/faks/ITEH/laravel/elibrary/vendor/laravel/framework/src/Illuminate/Pipeline/Pipeline.php(167): Illuminate\\Routing\\Middleware\\SubstituteBindings->handle()
#21 /home/sinisa/devel/faks/ITEH/laravel/elibrary/vendor/laravel/framework/src/Illuminate/Foundation/Http/Middleware/VerifyCsrfToken.php(78): Illuminate\\Pipeline\\Pipeline->Illuminate\\Pipeline\\{closure}()
#22 /home/sinisa/devel/faks/ITEH/laravel/elibrary/vendor/laravel/framework/src/Illuminate/Pipeline/Pipeline.php(167): Illuminate\\Foundation\\Http\\Middleware\\VerifyCsrfToken->handle()
#23 /home/sinisa/devel/faks/ITEH/laravel/elibrary/vendor/laravel/framework/src/Illuminate/View/Middleware/ShareErrorsFromSession.php(49): Illuminate\\Pipeline\\Pipeline->Illuminate\\Pipeline\\{closure}()
#24 /home/sinisa/devel/faks/ITEH/laravel/elibrary/vendor/laravel/framework/src/Illuminate/Pipeline/Pipeline.php(167): Illuminate\\View\\Middleware\\ShareErrorsFromSession->handle()
#25 /home/sinisa/devel/faks/ITEH/laravel/elibrary/vendor/laravel/framework/src/Illuminate/Session/Middleware/StartSession.php(121): Illuminate\\Pipeline\\Pipeline->Illuminate\\Pipeline\\{closure}()
#26 /home/sinisa/devel/faks/ITEH/laravel/elibrary/vendor/laravel/framework/src/Illuminate/Session/Middleware/StartSession.php(63): Illuminate\\Session\\Middleware\\StartSession->handleStatefulRequest()
#27 /home/sinisa/devel/faks/ITEH/laravel/elibrary/vendor/laravel/framework/src/Illuminate/Pipeline/Pipeline.php(167): Illuminate\\Session\\Middleware\\StartSession->handle()
#28 /home/sinisa/devel/faks/ITEH/laravel/elibrary/vendor/laravel/framework/src/Illuminate/Cookie/Middleware/AddQueuedCookiesToResponse.php(37): Illuminate\\Pipeline\\Pipeline->Illuminate\\Pipeline\\{closure}()
#29 /home/sinisa/devel/faks/ITEH/laravel/elibrary/vendor/laravel/framework/src/Illuminate/Pipeline/Pipeline.php(167): Illuminate\\Cookie\\Middleware\\AddQueuedCookiesToResponse->handle()
#30 /home/sinisa/devel/faks/ITEH/laravel/elibrary/vendor/laravel/framework/src/Illuminate/Cookie/Middleware/EncryptCookies.php(67): Illuminate\\Pipeline\\Pipeline->Illuminate\\Pipeline\\{closure}()
#31 /home/sinisa/devel/faks/ITEH/laravel/elibrary/vendor/laravel/framework/src/Illuminate/Pipeline/Pipeline.php(167): Illuminate\\Cookie\\Middleware\\EncryptCookies->handle()
#32 /home/sinisa/devel/faks/ITEH/laravel/elibrary/vendor/laravel/framework/src/Illuminate/Pipeline/Pipeline.php(103): Illuminate\\Pipeline\\Pipeline->Illuminate\\Pipeline\\{closure}()
#33 /home/sinisa/devel/faks/ITEH/laravel/elibrary/vendor/laravel/framework/src/Illuminate/Routing/Router.php(695): Illuminate\\Pipeline\\Pipeline->then()
#34 /home/sinisa/devel/faks/ITEH/laravel/elibrary/vendor/laravel/framework/src/Illuminate/Routing/Router.php(670): Illuminate\\Routing\\Router->runRouteWithinStack()
#35 /home/sinisa/devel/faks/ITEH/laravel/elibrary/vendor/laravel/framework/src/Illuminate/Routing/Router.php(636): Illuminate\\Routing\\Router->runRoute()
#36 /home/sinisa/devel/faks/ITEH/laravel/elibrary/vendor/laravel/framework/src/Illuminate/Routing/Router.php(625): Illuminate\\Routing\\Router->dispatchToRoute()
#37 /home/sinisa/devel/faks/ITEH/laravel/elibrary/vendor/laravel/framework/src/Illuminate/Foundation/Http/Kernel.php(166): Illuminate\\Routing\\Router->dispatch()
#38 /home/sinisa/devel/faks/ITEH/laravel/elibrary/vendor/laravel/framework/src/Illuminate/Pipeline/Pipeline.php(128): Illuminate\\Foundation\\Http\\Kernel->Illuminate\\Foundation\\Http\\{closure}()
#39 /home/sinisa/devel/faks/ITEH/laravel/elibrary/vendor/laravel/framework/src/Illuminate/Foundation/Http/Middleware/TransformsRequest.php(21): Illuminate\\Pipeline\\Pipeline->Illuminate\\Pipeline\\{closure}()
#40 /home/sinisa/devel/faks/ITEH/laravel/elibrary/vendor/laravel/framework/src/Illuminate/Pipeline/Pipeline.php(167): Illuminate\\Foundation\\Http\\Middleware\\TransformsRequest->handle()
#41 /home/sinisa/devel/faks/ITEH/laravel/elibrary/vendor/laravel/framework/src/Illuminate/Foundation/Http/Middleware/TransformsRequest.php(21): Illuminate\\Pipeline\\Pipeline->Illuminate\\Pipeline\\{closure}()
#42 /home/sinisa/devel/faks/ITEH/laravel/elibrary/vendor/laravel/framework/src/Illuminate/Pipeline/Pipeline.php(167): Illuminate\\Foundation\\Http\\Middleware\\TransformsRequest->handle()
#43 /home/sinisa/devel/faks/ITEH/laravel/elibrary/vendor/laravel/framework/src/Illuminate/Foundation/Http/Middleware/ValidatePostSize.php(27): Illuminate\\Pipeline\\Pipeline->Illuminate\\Pipeline\\{closure}()
#44 /home/sinisa/devel/faks/ITEH/laravel/elibrary/vendor/laravel/framework/src/Illuminate/Pipeline/Pipeline.php(167): Illuminate\\Foundation\\Http\\Middleware\\ValidatePostSize->handle()
#45 /home/sinisa/devel/faks/ITEH/laravel/elibrary/vendor/laravel/framework/src/Illuminate/Foundation/Http/Middleware/PreventRequestsDuringMaintenance.php(86): Illuminate\\Pipeline\\Pipeline->Illuminate\\Pipeline\\{closure}()
#46 /home/sinisa/devel/faks/ITEH/laravel/elibrary/vendor/laravel/framework/src/Illuminate/Pipeline/Pipeline.php(167): Illuminate\\Foundation\\Http\\Middleware\\PreventRequestsDuringMaintenance->handle()
#47 /home/sinisa/devel/faks/ITEH/laravel/elibrary/vendor/fruitcake/laravel-cors/src/HandleCors.php(37): Illuminate\\Pipeline\\Pipeline->Illuminate\\Pipeline\\{closure}()
#48 /home/sinisa/devel/faks/ITEH/laravel/elibrary/vendor/laravel/framework/src/Illuminate/Pipeline/Pipeline.php(167): Fruitcake\\Cors\\HandleCors->handle()
#49 /home/sinisa/devel/faks/ITEH/laravel/elibrary/vendor/fideloper/proxy/src/TrustProxies.php(57): Illuminate\\Pipeline\\Pipeline->Illuminate\\Pipeline\\{closure}()
#50 /home/sinisa/devel/faks/ITEH/laravel/elibrary/vendor/laravel/framework/src/Illuminate/Pipeline/Pipeline.php(167): Fideloper\\Proxy\\TrustProxies->handle()
#51 /home/sinisa/devel/faks/ITEH/laravel/elibrary/vendor/laravel/framework/src/Illuminate/Pipeline/Pipeline.php(103): Illuminate\\Pipeline\\Pipeline->Illuminate\\Pipeline\\{closure}()
#52 /home/sinisa/devel/faks/ITEH/laravel/elibrary/vendor/laravel/framework/src/Illuminate/Foundation/Http/Kernel.php(141): Illuminate\\Pipeline\\Pipeline->then()
#53 /home/sinisa/devel/faks/ITEH/laravel/elibrary/vendor/laravel/framework/src/Illuminate/Foundation/Http/Kernel.php(110): Illuminate\\Foundation\\Http\\Kernel->sendRequestThroughRouter()
#54 /home/sinisa/devel/faks/ITEH/laravel/elibrary/public/index.php(52): Illuminate\\Foundation\\Http\\Kernel->handle()
#55 /home/sinisa/devel/faks/ITEH/laravel/elibrary/server.php(21): require_once('/home/sinisa/de...')
#56 {main}

[previous exception] [object] (PDOException(code: 1698): SQLSTATE[HY000] [1698] Access denied for user 'root'@'localhost' at /home/sinisa/devel/faks/ITEH/laravel/elibrary/vendor/laravel/framework/src/Illuminate/Database/Connectors/Connector.php:70)
[stacktrace]
#0 /home/sinisa/devel/faks/ITEH/laravel/elibrary/vendor/laravel/framework/src/Illuminate/Database/Connectors/Connector.php(70): PDO->__construct()
#1 /home/sinisa/devel/faks/ITEH/laravel/elibrary/vendor/laravel/framework/src/Illuminate/Database/Connectors/Connector.php(46): Illuminate\\Database\\Connectors\\Connector->createPdoConnection()
#2 /home/sinisa/devel/faks/ITEH/laravel/elibrary/vendor/laravel/framework/src/Illuminate/Database/Connectors/MySqlConnector.php(24): Illuminate\\Database\\Connectors\\Connector->createConnection()
#3 /home/sinisa/devel/faks/ITEH/laravel/elibrary/vendor/laravel/framework/src/Illuminate/Database/Connectors/ConnectionFactory.php(184): Illuminate\\Database\\Connectors\\MySqlConnector->connect()
#4 [internal function]: Illuminate\\Database\\Connectors\\ConnectionFactory->Illuminate\\Database\\Connectors\\{closure}()
#5 /home/sinisa/devel/faks/ITEH/laravel/elibrary/vendor/laravel/framework/src/Illuminate/Database/Connection.php(949): call_user_func()
#6 /home/sinisa/devel/faks/ITEH/laravel/elibrary/vendor/laravel/framework/src/Illuminate/Database/Connection.php(984): Illuminate\\Database\\Connection->getPdo()
#7 /home/sinisa/devel/faks/ITEH/laravel/elibrary/vendor/laravel/framework/src/Illuminate/Database/Connection.php(412): Illuminate\\Database\\Connection->getReadPdo()
#8 /home/sinisa/devel/faks/ITEH/laravel/elibrary/vendor/laravel/framework/src/Illuminate/Database/Connection.php(338): Illuminate\\Database\\Connection->getPdoForSelect()
#9 /home/sinisa/devel/faks/ITEH/laravel/elibrary/vendor/laravel/framework/src/Illuminate/Database/Connection.php(671): Illuminate\\Database\\Connection->Illuminate\\Database\\{closure}()
#10 /home/sinisa/devel/faks/ITEH/laravel/elibrary/vendor/laravel/framework/src/Illuminate/Database/Connection.php(638): Illuminate\\Database\\Connection->runQueryCallback()
#11 /home/sinisa/devel/faks/ITEH/laravel/elibrary/vendor/laravel/framework/src/Illuminate/Database/Connection.php(346): Illuminate\\Database\\Connection->run()
#12 /home/sinisa/devel/faks/ITEH/laravel/elibrary/vendor/laravel/framework/src/Illuminate/Database/Query/Builder.php(2313): Illuminate\\Database\\Connection->select()
#13 /home/sinisa/devel/faks/ITEH/laravel/elibrary/vendor/laravel/framework/src/Illuminate/Database/Query/Builder.php(2301): Illuminate\\Database\\Query\\Builder->runSelect()
#14 /home/sinisa/devel/faks/ITEH/laravel/elibrary/vendor/laravel/framework/src/Illuminate/Database/Query/Builder.php(2796): Illuminate\\Database\\Query\\Builder->Illuminate\\Database\\Query\\{closure}()
#15 /home/sinisa/devel/faks/ITEH/laravel/elibrary/vendor/laravel/framework/src/Illuminate/Database/Query/Builder.php(2302): Illuminate\\Database\\Query\\Builder->onceWithColumns()
#16 /home/sinisa/devel/faks/ITEH/laravel/elibrary/vendor/laravel/framework/src/Illuminate/Database/Eloquent/Builder.php(588): Illuminate\\Database\\Query\\Builder->get()
#17 /home/sinisa/devel/faks/ITEH/laravel/elibrary/vendor/laravel/framework/src/Illuminate/Database/Eloquent/Builder.php(572): Illuminate\\Database\\Eloquent\\Builder->getModels()
#18 /home/sinisa/devel/faks/ITEH/laravel/elibrary/vendor/laravel/framework/src/Illuminate/Database/Concerns/BuildsQueries.php(170): Illuminate\\Database\\Eloquent\\Builder->get()
#19 /home/sinisa/devel/faks/ITEH/laravel/elibrary/vendor/laravel/framework/src/Illuminate/Auth/EloquentUserProvider.php(131): Illuminate\\Database\\Eloquent\\Builder->first()
#20 /home/sinisa/devel/faks/ITEH/laravel/elibrary/vendor/laravel/framework/src/Illuminate/Auth/Passwords/PasswordBroker.php(138): Illuminate\\Auth\\EloquentUserProvider->retrieveByCredentials()
#21 /home/sinisa/devel/faks/ITEH/laravel/elibrary/vendor/laravel/framework/src/Illuminate/Auth/Passwords/PasswordBroker.php(53): Illuminate\\Auth\\Passwords\\PasswordBroker->getUser()
#22 /home/sinisa/devel/faks/ITEH/laravel/elibrary/vendor/laravel/ui/auth-backend/SendsPasswordResetEmails.php(36): Illuminate\\Auth\\Passwords\\PasswordBroker->sendResetLink()
#23 /home/sinisa/devel/faks/ITEH/laravel/elibrary/vendor/laravel/framework/src/Illuminate/Routing/Controller.php(54): App\\Http\\Controllers\\Auth\\ForgotPasswordController->sendResetLinkEmail()
#24 /home/sinisa/devel/faks/ITEH/laravel/elibrary/vendor/laravel/framework/src/Illuminate/Routing/ControllerDispatcher.php(45): Illuminate\\Routing\\Controller->callAction()
#25 /home/sinisa/devel/faks/ITEH/laravel/elibrary/vendor/laravel/framework/src/Illuminate/Routing/Route.php(254): Illuminate\\Routing\\ControllerDispatcher->dispatch()
#26 /home/sinisa/devel/faks/ITEH/laravel/elibrary/vendor/laravel/framework/src/Illuminate/Routing/Route.php(197): Illuminate\\Routing\\Route->runController()
#27 /home/sinisa/devel/faks/ITEH/laravel/elibrary/vendor/laravel/framework/src/Illuminate/Routing/Router.php(693): Illuminate\\Routing\\Route->run()
#28 /home/sinisa/devel/faks/ITEH/laravel/elibrary/vendor/laravel/framework/src/Illuminate/Pipeline/Pipeline.php(128): Illuminate\\Routing\\Router->Illuminate\\Routing\\{closure}()
#29 /home/sinisa/devel/faks/ITEH/laravel/elibrary/vendor/laravel/framework/src/Illuminate/Routing/Middleware/SubstituteBindings.php(50): Illuminate\\Pipeline\\Pipeline->Illuminate\\Pipeline\\{closure}()
#30 /home/sinisa/devel/faks/ITEH/laravel/elibrary/vendor/laravel/framework/src/Illuminate/Pipeline/Pipeline.php(167): Illuminate\\Routing\\Middleware\\SubstituteBindings->handle()
#31 /home/sinisa/devel/faks/ITEH/laravel/elibrary/vendor/laravel/framework/src/Illuminate/Foundation/Http/Middleware/VerifyCsrfToken.php(78): Illuminate\\Pipeline\\Pipeline->Illuminate\\Pipeline\\{closure}()
#32 /home/sinisa/devel/faks/ITEH/laravel/elibrary/vendor/laravel/framework/src/Illuminate/Pipeline/Pipeline.php(167): Illuminate\\Foundation\\Http\\Middleware\\VerifyCsrfToken->handle()
#33 /home/sinisa/devel/faks/ITEH/laravel/elibrary/vendor/laravel/framework/src/Illuminate/View/Middleware/ShareErrorsFromSession.php(49): Illuminate\\Pipeline\\Pipeline->Illuminate\\Pipeline\\{closure}()
#34 /home/sinisa/devel/faks/ITEH/laravel/elibrary/vendor/laravel/framework/src/Illuminate/Pipeline/Pipeline.php(167): Illuminate\\View\\Middleware\\ShareErrorsFromSession->handle()
#35 /home/sinisa/devel/faks/ITEH/laravel/elibrary/vendor/laravel/framework/src/Illuminate/Session/Middleware/StartSession.php(121): Illuminate\\Pipeline\\Pipeline->Illuminate\\Pipeline\\{closure}()
#36 /home/sinisa/devel/faks/ITEH/laravel/elibrary/vendor/laravel/framework/src/Illuminate/Session/Middleware/StartSession.php(63): Illuminate\\Session\\Middleware\\StartSession->handleStatefulRequest()
#37 /home/sinisa/devel/faks/ITEH/laravel/elibrary/vendor/laravel/framework/src/Illuminate/Pipeline/Pipeline.php(167): Illuminate\\Session\\Middleware\\StartSession->handle()
#38 /home/sinisa/devel/faks/ITEH/laravel/elibrary/vendor/laravel/framework/src/Illuminate/Cookie/Middleware/AddQueuedCookiesToResponse.php(37): Illuminate\\Pipeline\\Pipeline->Illuminate\\Pipeline\\{closure}()
#39 /home/sinisa/devel/faks/ITEH/laravel/elibrary/vendor/laravel/framework/src/Illuminate/Pipeline/Pipeline.php(167): Illuminate\\Cookie\\Middleware\\AddQueuedCookiesToResponse->handle()
#40 /home/sinisa/devel/faks/ITEH/laravel/elibrary/vendor/laravel/framework/src/Illuminate/Cookie/Middleware/EncryptCookies.php(67): Illuminate\\Pipeline\\Pipeline->Illuminate\\Pipeline\\{closure}()
#41 /home/sinisa/devel/faks/ITEH/laravel/elibrary/vendor/laravel/framework/src/Illuminate/Pipeline/Pipeline.php(167): Illuminate\\Cookie\\Middleware\\EncryptCookies->handle()
#42 /home/sinisa/devel/faks/ITEH/laravel/elibrary/vendor/laravel/framework/src/Illuminate/Pipeline/Pipeline.php(103): Illuminate\\Pipeline\\Pipeline->Illuminate\\Pipeline\\{closure}()
#43 /home/sinisa/devel/faks/ITEH/laravel/elibrary/vendor/laravel/framework/src/Illuminate/Routing/Router.php(695): Illuminate\\Pipeline\\Pipeline->then()
#44 /home/sinisa/devel/faks/ITEH/laravel/elibrary/vendor/laravel/framework/src/Illuminate/Routing/Router.php(670): Illuminate\\Routing\\Router->runRouteWithinStack()
#45 /home/sinisa/devel/faks/ITEH/laravel/elibrary/vendor/laravel/framework/src/Illuminate/Routing/Router.php(636): Illuminate\\Routing\\Router->runRoute()
#46 /home/sinisa/devel/faks/ITEH/laravel/elibrary/vendor/laravel/framework/src/Illuminate/Routing/Router.php(625): Illuminate\\Routing\\Router->dispatchToRoute()
#47 /home/sinisa/devel/faks/ITEH/laravel/elibrary/vendor/laravel/framework/src/Illuminate/Foundation/Http/Kernel.php(166): Illuminate\\Routing\\Router->dispatch()
#48 /home/sinisa/devel/faks/ITEH/laravel/elibrary/vendor/laravel/framework/src/Illuminate/Pipeline/Pipeline.php(128): Illuminate\\Foundation\\Http\\Kernel->Illuminate\\Foundation\\Http\\{closure}()
#49 /home/sinisa/devel/faks/ITEH/laravel/elibrary/vendor/laravel/framework/src/Illuminate/Foundation/Http/Middleware/TransformsRequest.php(21): Illuminate\\Pipeline\\Pipeline->Illuminate\\Pipeline\\{closure}()
#50 /home/sinisa/devel/faks/ITEH/laravel/elibrary/vendor/laravel/framework/src/Illuminate/Pipeline/Pipeline.php(167): Illuminate\\Foundation\\Http\\Middleware\\TransformsRequest->handle()
#51 /home/sinisa/devel/faks/ITEH/laravel/elibrary/vendor/laravel/framework/src/Illuminate/Foundation/Http/Middleware/TransformsRequest.php(21): Illuminate\\Pipeline\\Pipeline->Illuminate\\Pipeline\\{closure}()
#52 /home/sinisa/devel/faks/ITEH/laravel/elibrary/vendor/laravel/framework/src/Illuminate/Pipeline/Pipeline.php(167): Illuminate\\Foundation\\Http\\Middleware\\TransformsRequest->handle()
#53 /home/sinisa/devel/faks/ITEH/laravel/elibrary/vendor/laravel/framework/src/Illuminate/Foundation/Http/Middleware/ValidatePostSize.php(27): Illuminate\\Pipeline\\Pipeline->Illuminate\\Pipeline\\{closure}()
#54 /home/sinisa/devel/faks/ITEH/laravel/elibrary/vendor/laravel/framework/src/Illuminate/Pipeline/Pipeline.php(167): Illuminate\\Foundation\\Http\\Middleware\\ValidatePostSize->handle()
#55 /home/sinisa/devel/faks/ITEH/laravel/elibrary/vendor/laravel/framework/src/Illuminate/Foundation/Http/Middleware/PreventRequestsDuringMaintenance.php(86): Illuminate\\Pipeline\\Pipeline->Illuminate\\Pipeline\\{closure}()
#56 /home/sinisa/devel/faks/ITEH/laravel/elibrary/vendor/laravel/framework/src/Illuminate/Pipeline/Pipeline.php(167): Illuminate\\Foundation\\Http\\Middleware\\PreventRequestsDuringMaintenance->handle()
#57 /home/sinisa/devel/faks/ITEH/laravel/elibrary/vendor/fruitcake/laravel-cors/src/HandleCors.php(37): Illuminate\\Pipeline\\Pipeline->Illuminate\\Pipeline\\{closure}()
#58 /home/sinisa/devel/faks/ITEH/laravel/elibrary/vendor/laravel/framework/src/Illuminate/Pipeline/Pipeline.php(167): Fruitcake\\Cors\\HandleCors->handle()
#59 /home/sinisa/devel/faks/ITEH/laravel/elibrary/vendor/fideloper/proxy/src/TrustProxies.php(57): Illuminate\\Pipeline\\Pipeline->Illuminate\\Pipeline\\{closure}()
#60 /home/sinisa/devel/faks/ITEH/laravel/elibrary/vendor/laravel/framework/src/Illuminate/Pipeline/Pipeline.php(167): Fideloper\\Proxy\\TrustProxies->handle()
#61 /home/sinisa/devel/faks/ITEH/laravel/elibrary/vendor/laravel/framework/src/Illuminate/Pipeline/Pipeline.php(103): Illuminate\\Pipeline\\Pipeline->Illuminate\\Pipeline\\{closure}()
#62 /home/sinisa/devel/faks/ITEH/laravel/elibrary/vendor/laravel/framework/src/Illuminate/Foundation/Http/Kernel.php(141): Illuminate\\Pipeline\\Pipeline->then()
#63 /home/sinisa/devel/faks/ITEH/laravel/elibrary/vendor/laravel/framework/src/Illuminate/Foundation/Http/Kernel.php(110): Illuminate\\Foundation\\Http\\Kernel->sendRequestThroughRouter()
#64 /home/sinisa/devel/faks/ITEH/laravel/elibrary/public/index.php(52): Illuminate\\Foundation\\Http\\Kernel->handle()
#65 /home/sinisa/devel/faks/ITEH/laravel/elibrary/server.php(21): require_once('/home/sinisa/de...')
#66 {main}
"} 
